tol=1.0e-04, sigma=2.0, host=unkno, nav=4, nbrs=2, l_repulse=5.000, l_tspring=1.000, l_nspring=0.500, l_intensity=0.200, l_curv=1.000
mom=0.00, dt=0.50
complete_dist_mat 0
rms 0
smooth_averages 0
remove_neg 0
ico_order 0
which_surface 0
target_radius 0.000000
nfields 0
scale 0.000000
desired_rms_height 0.000000
momentum 0.000000
nbhd_size 0
max_nbrs 0
niterations 25
nsurfaces 0
SURFACES 3
flags 0 (0)
use curv 0
no sulc 0
no rigid align 0
mris->nsize 2
mris->hemisphere 0
randomSeed 0

000: dt: 0.0000, sse=6853527.5, rms=9.12
001: dt: 0.5000, sse=6028924.5, rms=5.778 (0.000%)
002: dt: 0.5000, sse=6644123.5, rms=4.252 (0.000%)
003: dt: 0.5000, sse=7110647.0, rms=3.814 (0.000%)
004: dt: 0.5000, sse=7323460.0, rms=3.594 (0.000%)
005: dt: 0.2500, sse=5316783.5, rms=2.510 (0.000%)
006: dt: 0.2500, sse=4604405.0, rms=1.975 (0.000%)
007: dt: 0.2500, sse=4376530.0, rms=1.808 (0.000%)
008: dt: 0.2500, sse=4275051.0, rms=1.745 (0.000%)
009: dt: 0.2500, sse=4237016.5, rms=1.712 (0.000%)
010: dt: 0.1250, sse=4147476.8, rms=1.639 (0.000%)
011: dt: 0.1250, sse=4110476.5, rms=1.635 (0.000%)
tol=1.0e-04, sigma=1.0, host=unkno, nav=2, nbrs=2, l_repulse=5.000, l_tspring=1.000, l_nspring=0.500, l_intensity=0.200, l_curv=1.000
mom=0.00, dt=0.50
000: dt: 0.0000, sse=4925519.0, rms=5.37
012: dt: 0.5000, sse=5510802.0, rms=3.929 (0.000%)
013: dt: 0.5000, sse=6271955.0, rms=3.658 (0.000%)
014: dt: 0.2500, sse=5019252.5, rms=2.469 (0.000%)
015: dt: 0.2500, sse=4596243.0, rms=1.744 (0.000%)
016: dt: 0.2500, sse=4410001.0, rms=1.539 (0.000%)
017: dt: 0.2500, sse=4344828.5, rms=1.466 (0.000%)
018: dt: 0.2500, sse=4296808.5, rms=1.443 (0.000%)
019: dt: 0.1250, sse=4220521.0, rms=1.360 (0.000%)
020: dt: 0.1250, sse=4189979.0, rms=1.356 (0.000%)
tol=1.0e-04, sigma=0.5, host=unkno, nav=1, nbrs=2, l_repulse=5.000, l_tspring=1.000, l_nspring=0.500, l_intensity=0.200, l_curv=1.000
mom=0.00, dt=0.50
000: dt: 0.0000, sse=4328246.0, rms=2.72
021: dt: 0.5000, sse=5011653.0, rms=2.668 (0.000%)
022: dt: 0.2500, sse=4619483.0, rms=1.715 (0.000%)
023: dt: 0.2500, sse=4528913.0, rms=1.406 (0.000%)
024: dt: 0.2500, sse=4469602.0, rms=1.405 (0.000%)
025: dt: 0.1250, sse=4378316.0, rms=1.273 (0.000%)
026: dt: 0.1250, sse=4348441.5, rms=1.263 (0.000%)
tol=1.0e-04, sigma=0.2, host=unkno, nav=0, nbrs=2, l_repulse=5.000, l_tspring=1.000, l_nspring=0.500, l_intensity=0.200, l_curv=1.000
mom=0.00, dt=0.50
000: dt: 0.0000, sse=4385360.5, rms=1.72
027: dt: 0.2500, sse=4504733.0, rms=1.263 (0.000%)
028: dt: 0.2500, sse=4748085.5, rms=1.030 (0.000%)
029: dt: 0.1250, sse=4751314.0, rms=1.026 (0.000%)
